<?xml version="1.0" encoding="UTF-8"?>
<!-- Generated by org.testng.reporters.JUnitReportReporter -->
<testsuite hostname="LAPTOP-8254Q1PA" failures="0" tests="1" name="test.com.CostcoTest" time="25.774" errors="0" timestamp="14 Sep 2023 04:04:44 GMT">
  <testcase classname="test.com.CostcoTest" name="testCostcoTestcase" time="25.774"/>
</testsuite> <!-- test.com.CostcoTest -->
