<?xml version="1.0" encoding="UTF-8"?>
<!-- Generated by org.testng.reporters.JUnitReportReporter -->
<testsuite hostname="LAPTOP-8254Q1PA" failures="0" tests="1" name="Optical" time="32.669" errors="0" timestamp="14 Sep 2023 04:11:46 GMT">
  <testcase classname="Optical" name="testOptical" time="32.669"/>
</testsuite> <!-- Optical -->
